[2026-03-04T09:07:07.169Z] [34m→[0m 
========================================
[2026-03-04T09:07:07.170Z] [34m→[0m Starting Adam Protocol Deployment
[2026-03-04T09:07:07.170Z] [34m→[0m ========================================

[2026-03-04T09:07:07.171Z] [34m→[0m 
--- Step 1: Deploying ADUSD Token ---
[2026-03-04T09:07:07.171Z] [34m→[0m Deploying Adam Token: Adam USD (ADUSD)...
[2026-03-04T09:07:07.171Z] [34m→[0m   Owner: 0x0456e6d7184cd79e3f5cc63397a5540e8aeef7fd2f136136dfd40caf122cba88
[2026-03-04T09:07:07.171Z] [34m→[0m Declaring adam_token contract...
[2026-03-04T09:07:07.172Z] [34m→[0m Executing: sncast --profile sepolia --account caxtonstone1 declare --contract-name AdamToken --package adam_token
[2026-03-04T09:07:30.990Z] [33m![0m Contract adam_token is already declared
[2026-03-04T09:07:30.990Z] [34m→[0m Executing: starkli class-hash ../../target/dev/adam_token_AdamToken.contract_class.json
[2026-03-04T09:07:31.811Z] [34m→[0m Computed class hash: 0x057a2d9808836e35975301de3318ec275a49c7bd1274589fc2d73450fdae30b9
[2026-03-04T09:07:31.811Z] [34m→[0m Deploying adam_token contract...
[2026-03-04T09:07:31.812Z] [34m→[0m Executing: sncast --profile sepolia --account caxtonstone1 deploy --contract-name AdamToken --package adam_token --constructor-calldata 1 0x4164616d20555344 1 0x4144555344 0x0456e6d7184cd79e3f5cc63397a5540e8aeef7fd2f136136dfd40caf122cba88
[2026-03-04T09:07:56.997Z] [31m✗[0m ✗ Failed to deploy adam_token: Failed to extract contract address from output
[2026-03-04T09:07:56.997Z] [31m✗[0m 
✗ Deployment failed
[2026-03-04T09:07:56.998Z] [32m✓[0m 
✓ Deployment summary saved to: deployment_logs/deployment_summary_sepolia.json
